<?xml version="1.0" encoding="UTF-8"?>
<testsuite xmlns:xsi="http://www.w3.org/2001/XMLSchema-instance" xsi:noNamespaceSchemaLocation="https://maven.apache.org/surefire/maven-surefire-plugin/xsd/surefire-test-report-3.0.xsd" version="3.0" name="com.function.FunctionTest" time="1.132" tests="1" errors="0" skipped="0" failures="0">
  <properties>
[...]
</properties>
  <testcase name="testHttpTriggerJava" classname="com.function.FunctionTest" time="1.099">
    <system-err><![CDATA[Oct 11, 2023 3:21:06 PM com.function.Function run
INFO: Java HTTP trigger processed a request.
]]></system-err>
  </testcase>
</testsuite>